0 info it worked if it ends with ok
1 verbose cli [ 'C:\\Program Files\\nodejs\\\\node.exe',
1 verbose cli   'C:\\Program Files\\nodejs\\node_modules\\npm\\bin\\npm-cli.js',
1 verbose cli   'install',
1 verbose cli   '--global',
1 verbose cli   'gul' ]
2 info using npm@1.4.28
3 info using node@v0.10.33
4 verbose node symlink C:\Program Files\nodejs\\node.exe
5 verbose cache add [ 'gul', null ]
6 verbose cache add name=undefined spec="gul" args=["gul",null]
7 verbose parsed url { protocol: null,
7 verbose parsed url   slashes: null,
7 verbose parsed url   auth: null,
7 verbose parsed url   host: null,
7 verbose parsed url   port: null,
7 verbose parsed url   hostname: null,
7 verbose parsed url   hash: null,
7 verbose parsed url   search: null,
7 verbose parsed url   query: null,
7 verbose parsed url   pathname: 'gul',
7 verbose parsed url   path: 'gul',
7 verbose parsed url   href: 'gul' }
8 silly lockFile 552dafc7-gul gul
9 verbose lock gul C:\Users\A124402\AppData\Roaming\npm-cache\552dafc7-gul.lock
10 silly lockFile 552dafc7-gul gul
11 silly lockFile 552dafc7-gul gul
12 verbose addNamed [ 'gul', '' ]
13 verbose addNamed [ null, '*' ]
14 silly lockFile ec8b2f22-gul gul@
15 verbose lock gul@ C:\Users\A124402\AppData\Roaming\npm-cache\ec8b2f22-gul.lock
16 silly addNameRange { name: 'gul', range: '*', hasData: false }
17 verbose request where is /gul
18 verbose request registry https://registry.npmjs.org/
19 verbose request id 403f21f1896a9de1
20 verbose url raw /gul
21 verbose url resolving [ 'https://registry.npmjs.org/', './gul' ]
22 verbose url resolved https://registry.npmjs.org/gul
23 verbose request where is https://registry.npmjs.org/gul
24 info trying registry request attempt 1 at 09:37:34
25 http GET https://registry.npmjs.org/gul
26 http 404 https://registry.npmjs.org/gul
27 silly registry.get cb [ 404,
27 silly registry.get   { 'content-type': 'application/json',
27 silly registry.get     'cache-control': 'max-age=0',
27 silly registry.get     'content-length': '2',
27 silly registry.get     'accept-ranges': 'bytes',
27 silly registry.get     date: 'Tue, 08 Mar 2016 08:37:34 GMT',
27 silly registry.get     via: '1.1 varnish',
27 silly registry.get     age: '0',
27 silly registry.get     connection: 'keep-alive',
27 silly registry.get     'x-served-by': 'cache-lhr6327-LHR',
27 silly registry.get     'x-cache': 'MISS',
27 silly registry.get     'x-cache-hits': '0',
27 silly registry.get     'x-timer': 'S1457426254.452720,VS0,VE91' } ]
28 silly lockFile ec8b2f22-gul gul@
29 silly lockFile ec8b2f22-gul gul@
30 error 404 Not Found
30 error 404
30 error 404 'gul' is not in the npm registry.
30 error 404 You should bug the author to publish it
30 error 404
30 error 404 Note that you can also install from a
30 error 404 tarball, folder, or http url, or git url.
31 error System Windows_NT 6.1.7601
32 error command "C:\\Program Files\\nodejs\\\\node.exe" "C:\\Program Files\\nodejs\\node_modules\\npm\\bin\\npm-cli.js" "install" "--global" "gul"
33 error cwd d:\xampp\htdocs\behabitat\behabitat160307
34 error node -v v0.10.33
35 error npm -v 1.4.28
36 error code E404
37 verbose exit [ 1, true ]
